C:\STOCK\STOCKSERVER\STOCKSERVER\DEBUG\APIHANDLE.OBJ
C:\STOCK\STOCKSERVER\STOCKSERVER\DEBUG\CLIENTRESPONSE.OBJ
C:\STOCK\STOCKSERVER\STOCKSERVER\DEBUG\FUTUHANDLE.OBJ
C:\STOCK\STOCKSERVER\STOCKSERVER\DEBUG\GLOBAL.OBJ
C:\STOCK\STOCKSERVER\STOCKSERVER\DEBUG\LOGHANDLE.OBJ
C:\STOCK\STOCKSERVER\STOCKSERVER\DEBUG\SQLHANDLE.OBJ
C:\STOCK\STOCKSERVER\STOCKSERVER\DEBUG\VC110.PDB
C:\STOCK\STOCKSERVER\STOCKSERVER\DEBUG\MAIN.OBJ
C:\LIB\POCO-1.8.0.1-ALL\BIN\STOCKSERVER.ILK
C:\LIB\POCO-1.8.0.1-ALL\BIN\STOCKSERVER.EXE
C:\LIB\POCO-1.8.0.1-ALL\BIN\STOCKSERVER.PDB
C:\stock\stockServer\stockServer\Debug\ApiHandle.obj
C:\stock\stockServer\stockServer\Debug\ClientResponse.obj
C:\stock\stockServer\stockServer\Debug\FutuHandle.obj
C:\stock\stockServer\stockServer\Debug\global.obj
C:\stock\stockServer\stockServer\Debug\LogHandle.obj
C:\stock\stockServer\stockServer\Debug\SqlHandle.obj
C:\stock\stockServer\stockServer\Debug\cl.command.1.tlog
C:\stock\stockServer\stockServer\Debug\CL.read.1.tlog
C:\stock\stockServer\stockServer\Debug\CL.write.1.tlog
C:\stock\stockServer\stockServer\Debug\link-cvtres.read.1.tlog
C:\stock\stockServer\stockServer\Debug\link-cvtres.write.1.tlog
C:\stock\stockServer\stockServer\Debug\link-rc.read.1.tlog
C:\stock\stockServer\stockServer\Debug\link-rc.write.1.tlog
C:\stock\stockServer\stockServer\Debug\link.3368-cvtres.read.1.tlog
C:\stock\stockServer\stockServer\Debug\link.3368-cvtres.write.1.tlog
C:\stock\stockServer\stockServer\Debug\link.3368-rc.read.1.tlog
C:\stock\stockServer\stockServer\Debug\link.3368-rc.write.1.tlog
C:\stock\stockServer\stockServer\Debug\link.3368.read.1.tlog
C:\stock\stockServer\stockServer\Debug\link.3368.write.1.tlog
C:\stock\stockServer\stockServer\Debug\link.3388-cvtres.read.1.tlog
C:\stock\stockServer\stockServer\Debug\link.3388-cvtres.write.1.tlog
C:\stock\stockServer\stockServer\Debug\link.3388-rc.read.1.tlog
C:\stock\stockServer\stockServer\Debug\link.3388-rc.write.1.tlog
C:\stock\stockServer\stockServer\Debug\link.3388.read.1.tlog
C:\stock\stockServer\stockServer\Debug\link.3388.write.1.tlog
C:\stock\stockServer\stockServer\Debug\link.command.1.tlog
C:\stock\stockServer\stockServer\Debug\link.read.1.tlog
C:\stock\stockServer\stockServer\Debug\link.write.1.tlog
C:\stock\stockServer\stockServer\Debug\vc110.idb
C:\stock\stockServer\stockServer\Debug\vc110.pdb
C:\lib\poco-1.8.0.1-all/bin\stockServer.pdb
C:\lib\poco-1.8.0.1-all/bin\stockServer.exe
C:\lib\poco-1.8.0.1-all/bin\stockServer.ilk
